<?xml version="1.0" encoding="UTF-8"?>
<!-- Generated by org.testng.reporters.JUnitXMLReporter -->
<testsuite ignored="0" hostname="DESKTOP-J9SFK6I" failures="0" tests="1" name="Test" time="0.202" errors="0" timestamp="22 Feb 2023 13:04:13 GMT">
  <testcase classname="Aleph_Labs.Assignment.WebTest.BaseWeb" name="@BeforeMethod beforeMethod" time="0.188">
    <failure type="java.lang.NoSuchMethodError" message="&amp;apos;java.lang.String org.apache.commons.io.IOUtils.toString(java.io.InputStream, java.nio.charset.Charset)&amp;apos;">
      <![CDATA[java.lang.NoSuchMethodError: 'java.lang.String org.apache.commons.io.IOUtils.toString(java.io.InputStream, java.nio.charset.Charset)'
at io.github.bonigarcia.wdm.versions.VersionDetector.getProperties(VersionDetector.java:302)
at io.github.bonigarcia.wdm.versions.VersionDetector.getBrowserVersionFromTheShell(VersionDetector.java:202)
at io.github.bonigarcia.wdm.WebDriverManager.getBrowserVersionFromTheShell(WebDriverManager.java:1325)
at io.github.bonigarcia.wdm.WebDriverManager.detectBrowserVersion(WebDriverManager.java:1345)
at io.github.bonigarcia.wdm.WebDriverManager.resolveDriverVersion(WebDriverManager.java:1210)
at io.github.bonigarcia.wdm.WebDriverManager.manage(WebDriverManager.java:1160)
at io.github.bonigarcia.wdm.WebDriverManager.setup(WebDriverManager.java:416)
at Aleph_Labs.Assignment.WebTest.BaseWeb.beforeMethod(BaseWeb.java:21)
... Removed 28 stack frames]]>
    </failure>
  </testcase> <!-- @BeforeMethod beforeMethod -->
  <testcase classname="Aleph_Labs.Assignment.WebTest.BaseWeb" name="@AfterMethod tearDown" time="0.0">
    <skipped/>
  </testcase> <!-- @AfterMethod tearDown -->
  <testcase classname="Aleph_Labs.Assignment.WebTest.WebTest" name="verify_price" time="0.0">
    <skipped/>
  </testcase> <!-- verify_price -->
</testsuite> <!-- Test -->
