<?xml version="1.0" encoding="UTF-8"?>
<testng-results total="2" passed="2" failed="0" skipped="0">
  <reporter-output>
  </reporter-output>
  <suite started-at="2023-02-23T05:40:33Z" name="Default suite" finished-at="2023-02-23T05:40:35Z" duration-ms="1557">
    <groups>
    </groups>
    <test started-at="2023-02-23T05:40:33Z" name="Default test" finished-at="2023-02-23T05:40:35Z" duration-ms="1557">
      <class name="Aleph_Labs.Assignment.APITest.APITest">
        <test-method signature="verify_data_input()[pri:0, instance:Aleph_Labs.Assignment.APITest.APITest@6f099cef]" started-at="2023-02-23T12:40:33Z" name="verify_data_input" finished-at="2023-02-23T12:40:34Z" duration-ms="1182" status="PASS">
          <reporter-output>
          </reporter-output>
        </test-method> <!-- verify_data_input -->
        <test-method signature="verify_data_types()[pri:0, instance:Aleph_Labs.Assignment.APITest.APITest@6f099cef]" started-at="2023-02-23T12:40:34Z" name="verify_data_types" finished-at="2023-02-23T12:40:35Z" duration-ms="369" status="PASS">
          <reporter-output>
          </reporter-output>
        </test-method> <!-- verify_data_types -->
      </class> <!-- Aleph_Labs.Assignment.APITest.APITest -->
    </test> <!-- Default test -->
  </suite> <!-- Default suite -->
</testng-results>
