<?xml version="1.0" encoding="UTF-8"?>
<testng-results total="1" passed="1" failed="0" skipped="0">
  <reporter-output>
  </reporter-output>
  <suite started-at="2023-02-22T14:53:52Z" name="Default suite" finished-at="2023-02-22T14:54:00Z" duration-ms="7880">
    <groups>
    </groups>
    <test started-at="2023-02-22T14:53:52Z" name="Default test" finished-at="2023-02-22T14:54:00Z" duration-ms="7880">
      <class name="Aleph_Labs.Assignment.WebTest.WebTest">
        <test-method is-config="true" signature="beforeMethod()[pri:0, instance:Aleph_Labs.Assignment.WebTest.WebTest@1869fbd2]" started-at="2023-02-22T21:53:52Z" name="beforeMethod" finished-at="2023-02-22T21:53:58Z" duration-ms="5502" status="PASS">
          <reporter-output>
          </reporter-output>
        </test-method> <!-- beforeMethod -->
        <test-method signature="verify_title()[pri:0, instance:Aleph_Labs.Assignment.WebTest.WebTest@1869fbd2]" started-at="2023-02-22T21:53:58Z" name="verify_title" finished-at="2023-02-22T21:54:00Z" duration-ms="1887" status="PASS">
          <reporter-output>
          </reporter-output>
        </test-method> <!-- verify_title -->
        <test-method is-config="true" signature="tearDown()[pri:0, instance:Aleph_Labs.Assignment.WebTest.WebTest@1869fbd2]" started-at="2023-02-22T21:54:00Z" name="tearDown" finished-at="2023-02-22T21:54:00Z" duration-ms="484" status="PASS">
          <reporter-output>
          </reporter-output>
        </test-method> <!-- tearDown -->
      </class> <!-- Aleph_Labs.Assignment.WebTest.WebTest -->
    </test> <!-- Default test -->
  </suite> <!-- Default suite -->
</testng-results>
